Arguments: 
  D:\nodejs\node.exe D:\Yarn\bin\yarn.js add github:EasyHexo/vuepress-theme-macgs

PATH: 
  D:\PowerShell\7;C:\Program Files (x86)\NVIDIA Corporation\PhysX\Common;C:\Program Files (x86)\Common Files\Oracle\Java\javapath;C:\ProgramData\DockerDesktop\version-bin;C:\Program Files\Docker\Docker\Resources\bin;C:\WINDOWS\system32;C:\WINDOWS;C:\WINDOWS\System32\Wbem;C:\WINDOWS\System32\WindowsPowerShell\v1.0\;C:\WINDOWS\System32\OpenSSH\;C:\Program Files\dotnet\;C:\Program Files\Microsoft SQL Server\130\Tools\Binn\;C:\Program Files\Microsoft SQL Server\Client SDK\ODBC\170\Tools\Binn\;D:\Git\cmd\;D:\PowerShell\7\;D:\Yarn\bin\;D:\nodejs\;C:\Users\zqy02\scoop\shims;D:\Python\Python38\Scripts\;D:\Python\Python38\;C:\Users\zqy02\AppData\Local\Programs\Python\Launcher\;C:\Users\zqy02\AppData\Local\Microsoft\WindowsApps;D:\Bandisoft\Bandizip\;D:\Microsoft VS Code\bin;D:\Fiddler;C:\Users\zqy02\.dotnet\tools;C:\Program Files (x86)\Rico Suter\NSwagStudio\;D:\GitHub CLI\;D:\LuaDist\bin;D:\Java\jre1.8.0_241\bin;D:\kotlin-native-compiler\bin;C:\Users\zqy02\AppData\Local\Microsoft\WindowsApps;C:\Users\zqy02\AppData\Local\GitHubDesktop\bin;C:\Users\zqy02\AppData\Local\Yarn\bin;C:\Users\zqy02\AppData\Roaming\npm

Yarn version: 
  1.22.4

Node version: 
  14.5.0

Platform: 
  win32 x64

Trace: 
  Error: getaddrinfo ENOENT raw.githubusercontent.com
      at GetAddrInfoReqWrap.onlookup [as oncomplete] (dns.js:66:26)

npm manifest: 
  {
    "name": "ProjHyperai",
    "version": "0.0.1",
    "description": "Docs of Hyperai",
    "main": "index.js",
    "authors": {
      "name": "Blank",
      "email": "zqy0224@live.com"
    },
    "repository": "https://github.com/theGravityLab/ProjHyperai/ProjHyperai",
    "scripts": {
      "dev": "vuepress dev docs",
      "build": "vuepress build docs"
    },
    "license": "MIT",
    "devDependencies": {
      "vuepress": "^1.3.1",
      "@vuepress/plugin-back-to-top": "^1.3.1",
      "@vuepress/plugin-medium-zoom": "^1.3.1"
    }
  }

yarn manifest: 
  No manifest

Lockfile: 
  No lockfile
